<?xml version="1.0" encoding="UTF-8"?>
<!-- Generated by org.testng.reporters.JUnitXMLReporter -->
<testsuite ignored="0" hostname="knoldus-Vostro-3500" failures="1" tests="2" name="Command line test" time="44.779" errors="0" timestamp="2021-12-31T14:56:37 IST">
  <testcase classname="KekaAttendance.TestConfig" name="ChromeBrowser" time="22.802"/>
  <testcase classname="KekaAttendance.TestConfig" name="FirefoxBrowser" time="21.94">
    <failure type="org.openqa.selenium.WebDriverException" message="TypeError: browsingContext.currentWindowGlobal is null
Build info: version: &amp;apos;4.1.0&amp;apos;, revision: &amp;apos;87802e897b&amp;apos;
System info: host: &amp;apos;knoldus-Vostro-3500&amp;apos;, ip: &amp;apos;127.0.1.1&amp;apos;, os.name: &amp;apos;Linux&amp;apos;, os.arch: &amp;apos;amd64&amp;apos;, os.version: &amp;apos;5.11.0-43-generic&amp;apos;, java.version: &amp;apos;11.0.13&amp;apos;
Driver info: org.openqa.selenium.firefox.FirefoxDriver
Command: [70016af9-fc5a-4df9-8432-d45c266752d6, findElement {using=css selector, value=body.nyoS7c.UzCXuf.EIlDfe:nth-child(2) div.H2SoFe.LZgQXe.TFhTPc:nth-child(1) div.RAYh1e.LZgQXe.qmmlRd div.xkfVF div.Aa1VU div.JhUD8d.SQNfcc.vLGJgb div.zWl5kd div.DRS7Fe.bxPAYd.k6Zj8d div.pwWryf.bxPAYd:nth-child(2) div.Wxwduf.Us7fWe.JhUD8d div.zQJV3 div.dG5hZc div.qhFLie div.FliLIb.DL0QTb div.VfPpkd-dgl2Hf-ppHlrf-sM5MNb button.VfPpkd-LgbsSe.VfPpkd-LgbsSe-OWXEXe-k8QpJ.VfPpkd-LgbsSe-OWXEXe-dgl2Hf.nCP5yc.AjY5Oe.DuMIQc.qIypjc.TrZEUc.lw1w4b &amp;gt; span.VfPpkd-vQzf8d}]
Capabilities {acceptInsecureCerts: true, browserName: firefox, browserVersion: 95.0.1, javascriptEnabled: true, moz:accessibilityChecks: false, moz:buildID: 20211215221728, moz:debuggerAddress: localhost:46170, moz:geckodriverVersion: 0.30.0, moz:headless: false, moz:processID: 19975, moz:profile: /tmp/rust_mozprofiletUrouv, moz:shutdownTimeout: 60000, moz:useNonSpecCompliantPointerOrigin: false, moz:webdriverClick: true, pageLoadStrategy: normal, platform: LINUX, platformName: LINUX, platformVersion: 5.11.0-43-generic, proxy: Proxy(), se:cdp: ws://localhost:46170/devtoo..., se:cdpVersion: 85, setWindowRect: true, strictFileInteractability: false, timeouts: {implicit: 0, pageLoad: 300000, script: 30000}, unhandledPromptBehavior: dismiss and notify}
Session ID: 70016af9-fc5a-4df9-8432-d45c266752d6">
      <![CDATA[org.openqa.selenium.WebDriverException: TypeError: browsingContext.currentWindowGlobal is null
Build info: version: '4.1.0', revision: '87802e897b'
System info: host: 'knoldus-Vostro-3500', ip: '127.0.1.1', os.name: 'Linux', os.arch: 'amd64', os.version: '5.11.0-43-generic', java.version: '11.0.13'
Driver info: org.openqa.selenium.firefox.FirefoxDriver
Command: [70016af9-fc5a-4df9-8432-d45c266752d6, findElement {using=css selector, value=body.nyoS7c.UzCXuf.EIlDfe:nth-child(2) div.H2SoFe.LZgQXe.TFhTPc:nth-child(1) div.RAYh1e.LZgQXe.qmmlRd div.xkfVF div.Aa1VU div.JhUD8d.SQNfcc.vLGJgb div.zWl5kd div.DRS7Fe.bxPAYd.k6Zj8d div.pwWryf.bxPAYd:nth-child(2) div.Wxwduf.Us7fWe.JhUD8d div.zQJV3 div.dG5hZc div.qhFLie div.FliLIb.DL0QTb div.VfPpkd-dgl2Hf-ppHlrf-sM5MNb button.VfPpkd-LgbsSe.VfPpkd-LgbsSe-OWXEXe-k8QpJ.VfPpkd-LgbsSe-OWXEXe-dgl2Hf.nCP5yc.AjY5Oe.DuMIQc.qIypjc.TrZEUc.lw1w4b > span.VfPpkd-vQzf8d}]
Capabilities {acceptInsecureCerts: true, browserName: firefox, browserVersion: 95.0.1, javascriptEnabled: true, moz:accessibilityChecks: false, moz:buildID: 20211215221728, moz:debuggerAddress: localhost:46170, moz:geckodriverVersion: 0.30.0, moz:headless: false, moz:processID: 19975, moz:profile: /tmp/rust_mozprofiletUrouv, moz:shutdownTimeout: 60000, moz:useNonSpecCompliantPointerOrigin: false, moz:webdriverClick: true, pageLoadStrategy: normal, platform: LINUX, platformName: LINUX, platformVersion: 5.11.0-43-generic, proxy: Proxy(), se:cdp: ws://localhost:46170/devtoo..., se:cdpVersion: 85, setWindowRect: true, strictFileInteractability: false, timeouts: {implicit: 0, pageLoad: 300000, script: 30000}, unhandledPromptBehavior: dismiss and notify}
Session ID: 70016af9-fc5a-4df9-8432-d45c266752d6
at org.openqa.selenium.remote.codec.w3c.W3CHttpResponseCodec.createException(W3CHttpResponseCodec.java:200)
at org.openqa.selenium.remote.codec.w3c.W3CHttpResponseCodec.decode(W3CHttpResponseCodec.java:133)
at org.openqa.selenium.remote.codec.w3c.W3CHttpResponseCodec.decode(W3CHttpResponseCodec.java:53)
at org.openqa.selenium.remote.HttpCommandExecutor.execute(HttpCommandExecutor.java:184)
at org.openqa.selenium.remote.service.DriverCommandExecutor.invokeExecute(DriverCommandExecutor.java:164)
at org.openqa.selenium.remote.service.DriverCommandExecutor.execute(DriverCommandExecutor.java:139)
at org.openqa.selenium.remote.RemoteWebDriver.execute(RemoteWebDriver.java:559)
at org.openqa.selenium.remote.ElementLocation$ElementFinder$2.findElement(ElementLocation.java:162)
at org.openqa.selenium.remote.ElementLocation.findElement(ElementLocation.java:60)
at org.openqa.selenium.remote.RemoteWebDriver.findElement(RemoteWebDriver.java:383)
at org.openqa.selenium.remote.RemoteWebDriver.findElement(RemoteWebDriver.java:375)
at KekaAttendance.TestConfig.FirefoxBrowser(TestConfig.java:79)
at java.base/java.util.ArrayList.forEach(ArrayList.java:1541)
... Removed 41 stack frames]]>
    </failure>
  </testcase> <!-- FirefoxBrowser -->
</testsuite> <!-- Command line test -->
