<?xml version="1.0" encoding="UTF-8" ?>
<testsuite tests="2" failures="2" name="KekaAttendance.TestConfig" time="0.081" errors="0" skipped="0">
  <properties>
[...]
</properties>
  <testcase classname="KekaAttendance.TestConfig" name="KekaAttendence" time="0.04">
    <failure message="The driver executable must exist: /home/knoldus/Downloads/chromedriver_linux64/chromedriver" type="java.lang.IllegalStateException">java.lang.IllegalStateException: The driver executable must exist: /home/knoldus/Downloads/chromedriver_linux64/chromedriver
	at org.openqa.selenium.internal.Require$FileStateChecker.isFile(Require.java:315)
	at org.openqa.selenium.remote.service.DriverService.checkExecutable(DriverService.java:144)
	at org.openqa.selenium.remote.service.DriverService.findExecutable(DriverService.java:139)
	at org.openqa.selenium.chrome.ChromeDriverService.access$000(ChromeDriverService.java:38)
	at org.openqa.selenium.chrome.ChromeDriverService$Builder.findDefaultExecutable(ChromeDriverService.java:231)
	at org.openqa.selenium.remote.service.DriverService$Builder.build(DriverService.java:434)
	at org.openqa.selenium.chrome.ChromeDriverService.createDefaultService(ChromeDriverService.java:127)
	at org.openqa.selenium.chrome.ChromeDriver.&lt;init&gt;(ChromeDriver.java:46)
	at KekaAttendance.TestConfig.KekaAttendence(TestConfig.java:32)
</failure>
    <system-out>Configuring TestNG with: org.apache.maven.surefire.testng.conf.TestNG652Configurator@614c5515
Starting TestConfig On Chrome Browser
Launching Google Chrome browser
</system-out>
  </testcase>
  <testcase classname="KekaAttendance.TestConfig" name="afterMethod" time="0.041">
    <failure type="java.lang.NullPointerException">java.lang.NullPointerException
	at KekaAttendance.TestConfig.afterMethod(TestConfig.java:46)
</failure>
  </testcase>
</testsuite>