<?xml version="1.0" encoding="UTF-8" ?>
<testsuite tests="2" failures="1" name="TestSuite" time="44.761" errors="0" skipped="0">
  <properties>
[...]
</properties>
  <testcase classname="KekaAttendance.TestConfig" name="ChromeBrowser" time="22.804"/>
  <testcase classname="KekaAttendance.TestConfig" name="FirefoxBrowser" time="21.957">
    <failure message="TypeError: browsingContext.currentWindowGlobal is null
Build info: version: &apos;4.1.0&apos;, revision: &apos;87802e897b&apos;
System info: host: &apos;knoldus-Vostro-3500&apos;, ip: &apos;127.0.1.1&apos;, os.name: &apos;Linux&apos;, os.arch: &apos;amd64&apos;, os.version: &apos;5.11.0-43-generic&apos;, java.version: &apos;11.0.13&apos;
Driver info: org.openqa.selenium.firefox.FirefoxDriver
Command: [70016af9-fc5a-4df9-8432-d45c266752d6, findElement {using=css selector, value=body.nyoS7c.UzCXuf.EIlDfe:nth-child(2) div.H2SoFe.LZgQXe.TFhTPc:nth-child(1) div.RAYh1e.LZgQXe.qmmlRd div.xkfVF div.Aa1VU div.JhUD8d.SQNfcc.vLGJgb div.zWl5kd div.DRS7Fe.bxPAYd.k6Zj8d div.pwWryf.bxPAYd:nth-child(2) div.Wxwduf.Us7fWe.JhUD8d div.zQJV3 div.dG5hZc div.qhFLie div.FliLIb.DL0QTb div.VfPpkd-dgl2Hf-ppHlrf-sM5MNb button.VfPpkd-LgbsSe.VfPpkd-LgbsSe-OWXEXe-k8QpJ.VfPpkd-LgbsSe-OWXEXe-dgl2Hf.nCP5yc.AjY5Oe.DuMIQc.qIypjc.TrZEUc.lw1w4b &gt; span.VfPpkd-vQzf8d}]
Capabilities {acceptInsecureCerts: true, browserName: firefox, browserVersion: 95.0.1, javascriptEnabled: true, moz:accessibilityChecks: false, moz:buildID: 20211215221728, moz:debuggerAddress: localhost:46170, moz:geckodriverVersion: 0.30.0, moz:headless: false, moz:processID: 19975, moz:profile: /tmp/rust_mozprofiletUrouv, moz:shutdownTimeout: 60000, moz:useNonSpecCompliantPointerOrigin: false, moz:webdriverClick: true, pageLoadStrategy: normal, platform: LINUX, platformName: LINUX, platformVersion: 5.11.0-43-generic, proxy: Proxy(), se:cdp: ws://localhost:46170/devtoo..., se:cdpVersion: 85, setWindowRect: true, strictFileInteractability: false, timeouts: {implicit: 0, pageLoad: 300000, script: 30000}, unhandledPromptBehavior: dismiss and notify}
Session ID: 70016af9-fc5a-4df9-8432-d45c266752d6" type="org.openqa.selenium.WebDriverException">org.openqa.selenium.WebDriverException: TypeError: browsingContext.currentWindowGlobal is null
Build info: version: &apos;4.1.0&apos;, revision: &apos;87802e897b&apos;
System info: host: &apos;knoldus-Vostro-3500&apos;, ip: &apos;127.0.1.1&apos;, os.name: &apos;Linux&apos;, os.arch: &apos;amd64&apos;, os.version: &apos;5.11.0-43-generic&apos;, java.version: &apos;11.0.13&apos;
Driver info: org.openqa.selenium.firefox.FirefoxDriver
Command: [70016af9-fc5a-4df9-8432-d45c266752d6, findElement {using=css selector, value=body.nyoS7c.UzCXuf.EIlDfe:nth-child(2) div.H2SoFe.LZgQXe.TFhTPc:nth-child(1) div.RAYh1e.LZgQXe.qmmlRd div.xkfVF div.Aa1VU div.JhUD8d.SQNfcc.vLGJgb div.zWl5kd div.DRS7Fe.bxPAYd.k6Zj8d div.pwWryf.bxPAYd:nth-child(2) div.Wxwduf.Us7fWe.JhUD8d div.zQJV3 div.dG5hZc div.qhFLie div.FliLIb.DL0QTb div.VfPpkd-dgl2Hf-ppHlrf-sM5MNb button.VfPpkd-LgbsSe.VfPpkd-LgbsSe-OWXEXe-k8QpJ.VfPpkd-LgbsSe-OWXEXe-dgl2Hf.nCP5yc.AjY5Oe.DuMIQc.qIypjc.TrZEUc.lw1w4b &gt; span.VfPpkd-vQzf8d}]
Capabilities {acceptInsecureCerts: true, browserName: firefox, browserVersion: 95.0.1, javascriptEnabled: true, moz:accessibilityChecks: false, moz:buildID: 20211215221728, moz:debuggerAddress: localhost:46170, moz:geckodriverVersion: 0.30.0, moz:headless: false, moz:processID: 19975, moz:profile: /tmp/rust_mozprofiletUrouv, moz:shutdownTimeout: 60000, moz:useNonSpecCompliantPointerOrigin: false, moz:webdriverClick: true, pageLoadStrategy: normal, platform: LINUX, platformName: LINUX, platformVersion: 5.11.0-43-generic, proxy: Proxy(), se:cdp: ws://localhost:46170/devtoo..., se:cdpVersion: 85, setWindowRect: true, strictFileInteractability: false, timeouts: {implicit: 0, pageLoad: 300000, script: 30000}, unhandledPromptBehavior: dismiss and notify}
Session ID: 70016af9-fc5a-4df9-8432-d45c266752d6
	at java.base/jdk.internal.reflect.NativeConstructorAccessorImpl.newInstance0(Native Method)
	at java.base/jdk.internal.reflect.NativeConstructorAccessorImpl.newInstance(NativeConstructorAccessorImpl.java:62)
	at java.base/jdk.internal.reflect.DelegatingConstructorAccessorImpl.newInstance(DelegatingConstructorAccessorImpl.java:45)
	at java.base/java.lang.reflect.Constructor.newInstance(Constructor.java:490)
	at org.openqa.selenium.remote.codec.w3c.W3CHttpResponseCodec.createException(W3CHttpResponseCodec.java:200)
	at org.openqa.selenium.remote.codec.w3c.W3CHttpResponseCodec.decode(W3CHttpResponseCodec.java:133)
	at org.openqa.selenium.remote.codec.w3c.W3CHttpResponseCodec.decode(W3CHttpResponseCodec.java:53)
	at org.openqa.selenium.remote.HttpCommandExecutor.execute(HttpCommandExecutor.java:184)
	at org.openqa.selenium.remote.service.DriverCommandExecutor.invokeExecute(DriverCommandExecutor.java:164)
	at org.openqa.selenium.remote.service.DriverCommandExecutor.execute(DriverCommandExecutor.java:139)
	at org.openqa.selenium.remote.RemoteWebDriver.execute(RemoteWebDriver.java:559)
	at org.openqa.selenium.remote.ElementLocation$ElementFinder$2.findElement(ElementLocation.java:162)
	at org.openqa.selenium.remote.ElementLocation.findElement(ElementLocation.java:60)
	at org.openqa.selenium.remote.RemoteWebDriver.findElement(RemoteWebDriver.java:383)
	at org.openqa.selenium.remote.RemoteWebDriver.findElement(RemoteWebDriver.java:375)
	at KekaAttendance.TestConfig.FirefoxBrowser(TestConfig.java:79)
</failure>
    <system-out>Finished TestConfig On Chrome Browser
Starting TestConfig On Chrome Browser
</system-out>
    <system-err>1640942775258	geckodriver	INFO	Listening on 127.0.0.1:40178
1640942775281	mozrunner::runner	INFO	Running command: &quot;/usr/lib/firefox/firefox&quot; &quot;--marionette&quot; &quot;--remote-debugging-port&quot; &quot;46170&quot; &quot;-no-remote&quot; &quot;-profile&quot; &quot;/tmp/rust_mozprofiletUrouv&quot;
ATTENTION: default value of option mesa_glthread overridden by environment.
ATTENTION: default value of option mesa_glthread overridden by environment.
ATTENTION: default value of option mesa_glthread overridden by environment.
ATTENTION: default value of option mesa_glthread overridden by environment.
1640942775899	Marionette	INFO	Marionette enabled
console.warn: SearchSettings: &quot;get: No settings file exists, new profile?&quot; (new NotFoundError(&quot;Could not open the file at /tmp/rust_mozprofiletUrouv/search.json.mozlz4&quot;, (void 0)))
DevTools listening on ws://localhost:46170/devtools/browser/5af1e199-deb4-4c6d-b8db-463d09d5acca
1640942776854	Marionette	INFO	Listening on port 37059
1640942776896	RemoteAgent	WARN	TLS certificate errors will be ignored for this session
Dec 31, 2021 2:56:16 PM org.openqa.selenium.remote.ProtocolHandshake createSession
INFO: Detected dialect: W3C
ATTENTION: default value of option mesa_glthread overridden by environment.
JavaScript warning: https://accounts.google.com/o/oauth2/v2/auth?login_hint=anshita.mathur%40knoldus.com&amp;scope=openid+profile+email&amp;response_type=code&amp;redirect_uri=https%3A%2F%2Fapp.keka.com%2Fsignin-google&amp;state=CfDJ8PtnvDcYZ8ZLk9lewGNp1TnNmzRO5QM9XA_JG39ulLjbpUopF46hhOjEBtzel6IfmCNFCs93cZvVVxw4aF0dJKi861LOEfkHJvFv0UQD8UhIgt5MiNk32X7pRM_SXThSO96GKfNnBMix3EGnOOtnx3d5qnWBLYTxsrlCf9_LN1QOLBvXSSqqY1wNrduoGeHAJHAQr6waNeAYNeggOhwpVMwdPM69y_rkpt5fGTazgGmpuKjIszpaEzuBwbV0TRemd9GmJDrhtEDkQXZkidimid9qUcIrx58znPqDT3XPBeKi&amp;client_id=311175005226-eof1ld6q6fh1tf07ng6u38q20djuug42.apps.googleusercontent.com&amp;hd=knoldus.com&amp;as=S-1811689198%3A1640942782826849 line 1 &gt; eval line 6571 &gt; eval line 1 &gt; eval, line 1: WEBGL_debug_renderer_info is deprecated in Firefox and will be removed. Please use RENDERER.
1640942797147	Marionette	INFO	Stopped listening on port 37059
Marionette threw an error: TypeError: browsingContext.currentWindowGlobal is null
getMarionetteCommandsActorProxy/get/&lt;@chrome://remote/content/marionette/actors/MarionetteCommandsParent.jsm:326:29

console.warn: TopSitesFeed: Failed to fetch data from Contile server: NetworkError when attempting to fetch resource.
</system-err>
  </testcase>
</testsuite>