<?xml version="1.0" encoding="UTF-8"?>
<testng-results ignored="0" total="2" passed="1" failed="1" skipped="0">
  <reporter-output>
  </reporter-output>
  <suite started-at="2021-12-31T14:55:52 IST" name="Command line suite" finished-at="2021-12-31T14:56:37 IST" duration-ms="44779">
    <groups>
    </groups>
    <test started-at="2021-12-31T14:55:52 IST" name="Command line test" finished-at="2021-12-31T14:56:37 IST" duration-ms="44779">
      <class name="KekaAttendance.TestConfig">
        <test-method is-config="true" signature="beforeMethod()[pri:0, instance:KekaAttendance.TestConfig@4278284b]" started-at="2021-12-31T14:55:52 IST" name="beforeMethod" finished-at="2021-12-31T14:55:52 IST" duration-ms="2" status="PASS">
          <reporter-output>
          </reporter-output>
        </test-method> <!-- beforeMethod -->
        <test-method signature="ChromeBrowser()[pri:0, instance:KekaAttendance.TestConfig@4278284b]" started-at="2021-12-31T14:55:52 IST" name="ChromeBrowser" finished-at="2021-12-31T14:56:15 IST" duration-ms="22802" status="PASS">
          <reporter-output>
          </reporter-output>
        </test-method> <!-- ChromeBrowser -->
        <test-method is-config="true" signature="afterMethod()[pri:0, instance:KekaAttendance.TestConfig@4278284b]" started-at="2021-12-31T14:56:15 IST" name="afterMethod" finished-at="2021-12-31T14:56:15 IST" duration-ms="0" status="PASS">
          <reporter-output>
          </reporter-output>
        </test-method> <!-- afterMethod -->
        <test-method is-config="true" signature="beforeMethod()[pri:0, instance:KekaAttendance.TestConfig@4278284b]" started-at="2021-12-31T14:56:15 IST" name="beforeMethod" finished-at="2021-12-31T14:56:15 IST" duration-ms="0" status="PASS">
          <reporter-output>
          </reporter-output>
        </test-method> <!-- beforeMethod -->
        <test-method signature="FirefoxBrowser()[pri:0, instance:KekaAttendance.TestConfig@4278284b]" started-at="2021-12-31T14:56:15 IST" name="FirefoxBrowser" finished-at="2021-12-31T14:56:37 IST" duration-ms="21940" status="FAIL">
          <exception class="org.openqa.selenium.WebDriverException">
            <message>
              <![CDATA[TypeError: browsingContext.currentWindowGlobal is null
Build info: version: '4.1.0', revision: '87802e897b'
System info: host: 'knoldus-Vostro-3500', ip: '127.0.1.1', os.name: 'Linux', os.arch: 'amd64', os.version: '5.11.0-43-generic', java.version: '11.0.13'
Driver info: org.openqa.selenium.firefox.FirefoxDriver
Command: [70016af9-fc5a-4df9-8432-d45c266752d6, findElement {using=css selector, value=body.nyoS7c.UzCXuf.EIlDfe:nth-child(2) div.H2SoFe.LZgQXe.TFhTPc:nth-child(1) div.RAYh1e.LZgQXe.qmmlRd div.xkfVF div.Aa1VU div.JhUD8d.SQNfcc.vLGJgb div.zWl5kd div.DRS7Fe.bxPAYd.k6Zj8d div.pwWryf.bxPAYd:nth-child(2) div.Wxwduf.Us7fWe.JhUD8d div.zQJV3 div.dG5hZc div.qhFLie div.FliLIb.DL0QTb div.VfPpkd-dgl2Hf-ppHlrf-sM5MNb button.VfPpkd-LgbsSe.VfPpkd-LgbsSe-OWXEXe-k8QpJ.VfPpkd-LgbsSe-OWXEXe-dgl2Hf.nCP5yc.AjY5Oe.DuMIQc.qIypjc.TrZEUc.lw1w4b > span.VfPpkd-vQzf8d}]
Capabilities {acceptInsecureCerts: true, browserName: firefox, browserVersion: 95.0.1, javascriptEnabled: true, moz:accessibilityChecks: false, moz:buildID: 20211215221728, moz:debuggerAddress: localhost:46170, moz:geckodriverVersion: 0.30.0, moz:headless: false, moz:processID: 19975, moz:profile: /tmp/rust_mozprofiletUrouv, moz:shutdownTimeout: 60000, moz:useNonSpecCompliantPointerOrigin: false, moz:webdriverClick: true, pageLoadStrategy: normal, platform: LINUX, platformName: LINUX, platformVersion: 5.11.0-43-generic, proxy: Proxy(), se:cdp: ws://localhost:46170/devtoo..., se:cdpVersion: 85, setWindowRect: true, strictFileInteractability: false, timeouts: {implicit: 0, pageLoad: 300000, script: 30000}, unhandledPromptBehavior: dismiss and notify}
Session ID: 70016af9-fc5a-4df9-8432-d45c266752d6]]>
            </message>
            <full-stacktrace>
              <![CDATA[org.openqa.selenium.WebDriverException: TypeError: browsingContext.currentWindowGlobal is null
Build info: version: '4.1.0', revision: '87802e897b'
System info: host: 'knoldus-Vostro-3500', ip: '127.0.1.1', os.name: 'Linux', os.arch: 'amd64', os.version: '5.11.0-43-generic', java.version: '11.0.13'
Driver info: org.openqa.selenium.firefox.FirefoxDriver
Command: [70016af9-fc5a-4df9-8432-d45c266752d6, findElement {using=css selector, value=body.nyoS7c.UzCXuf.EIlDfe:nth-child(2) div.H2SoFe.LZgQXe.TFhTPc:nth-child(1) div.RAYh1e.LZgQXe.qmmlRd div.xkfVF div.Aa1VU div.JhUD8d.SQNfcc.vLGJgb div.zWl5kd div.DRS7Fe.bxPAYd.k6Zj8d div.pwWryf.bxPAYd:nth-child(2) div.Wxwduf.Us7fWe.JhUD8d div.zQJV3 div.dG5hZc div.qhFLie div.FliLIb.DL0QTb div.VfPpkd-dgl2Hf-ppHlrf-sM5MNb button.VfPpkd-LgbsSe.VfPpkd-LgbsSe-OWXEXe-k8QpJ.VfPpkd-LgbsSe-OWXEXe-dgl2Hf.nCP5yc.AjY5Oe.DuMIQc.qIypjc.TrZEUc.lw1w4b > span.VfPpkd-vQzf8d}]
Capabilities {acceptInsecureCerts: true, browserName: firefox, browserVersion: 95.0.1, javascriptEnabled: true, moz:accessibilityChecks: false, moz:buildID: 20211215221728, moz:debuggerAddress: localhost:46170, moz:geckodriverVersion: 0.30.0, moz:headless: false, moz:processID: 19975, moz:profile: /tmp/rust_mozprofiletUrouv, moz:shutdownTimeout: 60000, moz:useNonSpecCompliantPointerOrigin: false, moz:webdriverClick: true, pageLoadStrategy: normal, platform: LINUX, platformName: LINUX, platformVersion: 5.11.0-43-generic, proxy: Proxy(), se:cdp: ws://localhost:46170/devtoo..., se:cdpVersion: 85, setWindowRect: true, strictFileInteractability: false, timeouts: {implicit: 0, pageLoad: 300000, script: 30000}, unhandledPromptBehavior: dismiss and notify}
Session ID: 70016af9-fc5a-4df9-8432-d45c266752d6
at java.base/jdk.internal.reflect.NativeConstructorAccessorImpl.newInstance0(Native Method)
at java.base/jdk.internal.reflect.NativeConstructorAccessorImpl.newInstance(NativeConstructorAccessorImpl.java:62)
at java.base/jdk.internal.reflect.DelegatingConstructorAccessorImpl.newInstance(DelegatingConstructorAccessorImpl.java:45)
at java.base/java.lang.reflect.Constructor.newInstance(Constructor.java:490)
at org.openqa.selenium.remote.codec.w3c.W3CHttpResponseCodec.createException(W3CHttpResponseCodec.java:200)
at org.openqa.selenium.remote.codec.w3c.W3CHttpResponseCodec.decode(W3CHttpResponseCodec.java:133)
at org.openqa.selenium.remote.codec.w3c.W3CHttpResponseCodec.decode(W3CHttpResponseCodec.java:53)
at org.openqa.selenium.remote.HttpCommandExecutor.execute(HttpCommandExecutor.java:184)
at org.openqa.selenium.remote.service.DriverCommandExecutor.invokeExecute(DriverCommandExecutor.java:164)
at org.openqa.selenium.remote.service.DriverCommandExecutor.execute(DriverCommandExecutor.java:139)
at org.openqa.selenium.remote.RemoteWebDriver.execute(RemoteWebDriver.java:559)
at org.openqa.selenium.remote.ElementLocation$ElementFinder$2.findElement(ElementLocation.java:162)
at org.openqa.selenium.remote.ElementLocation.findElement(ElementLocation.java:60)
at org.openqa.selenium.remote.RemoteWebDriver.findElement(RemoteWebDriver.java:383)
at org.openqa.selenium.remote.RemoteWebDriver.findElement(RemoteWebDriver.java:375)
at KekaAttendance.TestConfig.FirefoxBrowser(TestConfig.java:79)
at java.base/jdk.internal.reflect.NativeMethodAccessorImpl.invoke0(Native Method)
at java.base/jdk.internal.reflect.NativeMethodAccessorImpl.invoke(NativeMethodAccessorImpl.java:62)
at java.base/jdk.internal.reflect.DelegatingMethodAccessorImpl.invoke(DelegatingMethodAccessorImpl.java:43)
at java.base/java.lang.reflect.Method.invoke(Method.java:566)
at org.testng.internal.MethodInvocationHelper.invokeMethod(MethodInvocationHelper.java:133)
at org.testng.internal.TestInvoker.invokeMethod(TestInvoker.java:598)
at org.testng.internal.TestInvoker.invokeTestMethod(TestInvoker.java:173)
at org.testng.internal.MethodRunner.runInSequence(MethodRunner.java:46)
at org.testng.internal.TestInvoker$MethodInvocationAgent.invoke(TestInvoker.java:824)
at org.testng.internal.TestInvoker.invokeTestMethods(TestInvoker.java:146)
at org.testng.internal.TestMethodWorker.invokeTestMethods(TestMethodWorker.java:146)
at org.testng.internal.TestMethodWorker.run(TestMethodWorker.java:128)
at java.base/java.util.ArrayList.forEach(ArrayList.java:1541)
at org.testng.TestRunner.privateRun(TestRunner.java:794)
at org.testng.TestRunner.run(TestRunner.java:596)
at org.testng.SuiteRunner.runTest(SuiteRunner.java:377)
at org.testng.SuiteRunner.runSequentially(SuiteRunner.java:371)
at org.testng.SuiteRunner.privateRun(SuiteRunner.java:332)
at org.testng.SuiteRunner.run(SuiteRunner.java:276)
at org.testng.SuiteRunnerWorker.runSuite(SuiteRunnerWorker.java:53)
at org.testng.SuiteRunnerWorker.run(SuiteRunnerWorker.java:96)
at org.testng.TestNG.runSuitesSequentially(TestNG.java:1212)
at org.testng.TestNG.runSuitesLocally(TestNG.java:1134)
at org.testng.TestNG.runSuites(TestNG.java:1063)
at org.testng.TestNG.run(TestNG.java:1031)
at org.apache.maven.surefire.testng.TestNGExecutor.run(TestNGExecutor.java:77)
at org.apache.maven.surefire.testng.TestNGDirectoryTestSuite.executeMulti(TestNGDirectoryTestSuite.java:159)
at org.apache.maven.surefire.testng.TestNGDirectoryTestSuite.execute(TestNGDirectoryTestSuite.java:99)
at org.apache.maven.surefire.testng.TestNGProvider.invoke(TestNGProvider.java:106)
at java.base/jdk.internal.reflect.NativeMethodAccessorImpl.invoke0(Native Method)
at java.base/jdk.internal.reflect.NativeMethodAccessorImpl.invoke(NativeMethodAccessorImpl.java:62)
at java.base/jdk.internal.reflect.DelegatingMethodAccessorImpl.invoke(DelegatingMethodAccessorImpl.java:43)
at java.base/java.lang.reflect.Method.invoke(Method.java:566)
at org.apache.maven.surefire.util.ReflectionUtils.invokeMethodWithArray(ReflectionUtils.java:189)
at org.apache.maven.surefire.booter.ProviderFactory$ProviderProxy.invoke(ProviderFactory.java:165)
at org.apache.maven.surefire.booter.ProviderFactory.invokeProvider(ProviderFactory.java:85)
at org.apache.maven.surefire.booter.ForkedBooter.runSuitesInProcess(ForkedBooter.java:115)
at org.apache.maven.surefire.booter.ForkedBooter.main(ForkedBooter.java:75)
]]>
            </full-stacktrace>
          </exception> <!-- org.openqa.selenium.WebDriverException -->
          <reporter-output>
          </reporter-output>
        </test-method> <!-- FirefoxBrowser -->
        <test-method is-config="true" signature="afterMethod()[pri:0, instance:KekaAttendance.TestConfig@4278284b]" started-at="2021-12-31T14:56:37 IST" name="afterMethod" finished-at="2021-12-31T14:56:37 IST" duration-ms="1" status="PASS">
          <reporter-output>
          </reporter-output>
        </test-method> <!-- afterMethod -->
      </class> <!-- KekaAttendance.TestConfig -->
    </test> <!-- Command line test -->
  </suite> <!-- Command line suite -->
</testng-results>
